[23:57:02] [Client thread/INFO]: Setting user: Player572
[23:57:05] [Client thread/INFO]: LWJGL Version: 2.9.4
[23:57:07] [Client thread/INFO]: Reloading ResourceManager: Default, FMLFileResourcePack:Forge Mod Loader, FMLFileResourcePack:Minecraft Forge, FMLFileResourcePack:Learning
[23:57:09] [Sound Library Loader/INFO]: Starting up SoundSystem...
[23:57:09] [Thread-8/INFO]: Initializing LWJGL OpenAL
[23:57:09] [Thread-8/INFO]: (The LWJGL binding of OpenAL.  For more information, see http://www.lwjgl.org)
[23:57:09] [Thread-8/INFO]: OpenAL initialized.
[23:57:09] [Sound Library Loader/INFO]: Sound engine started
[23:57:11] [Client thread/INFO]: Created: 16x16 textures-atlas
[23:57:13] [Client thread/INFO]: Reloading ResourceManager: Default, FMLFileResourcePack:Forge Mod Loader, FMLFileResourcePack:Minecraft Forge, FMLFileResourcePack:Learning
[23:57:14] [Client thread/INFO]: SoundSystem shutting down...
[23:57:14] [Client thread/WARN]: Author: Paul Lamb, www.paulscode.com
[23:57:14] [Sound Library Loader/INFO]: Starting up SoundSystem...
[23:57:14] [Thread-10/INFO]: Initializing LWJGL OpenAL
[23:57:14] [Thread-10/INFO]: (The LWJGL binding of OpenAL.  For more information, see http://www.lwjgl.org)
[23:57:15] [Thread-10/INFO]: OpenAL initialized.
[23:57:15] [Sound Library Loader/INFO]: Sound engine started
[23:57:16] [Client thread/INFO]: Created: 512x512 textures-atlas
[23:57:17] [Realms Notification Availability checker #1/INFO]: Could not authorize you against Realms server: Invalid session id
[23:57:22] [Client thread/INFO]: Stopping!
[23:57:22] [Client thread/INFO]: SoundSystem shutting down...
[23:57:23] [Client thread/WARN]: Author: Paul Lamb, www.paulscode.com
